[0m2021.05.15 18:01:50 INFO  Started: Metals version 0.10.2 in workspace 'D:\laura\Documents\UNIVERSIDAD\4CARRERA\2cuatri\Paradigmas avanzados de programación\Laboratorio\2- SCALA\Prácticas\PL2 - Scala\Ej_6_1_Desarrollo_obligatorio_Listas_JHL\Proyecto Scala\Jewels_Legend_Hero-Trabajo_a_Realizar-Obligatorio\src' for client vscode 1.56.2.[0m
[0m2021.05.15 18:01:50 INFO  time: initialize in 0.44s[0m
[0m2021.05.15 18:01:51 WARN  Build server is not auto-connectable.[0m
[0m2021.05.15 18:01:51 WARN  no build tool detected in workspace 'D:\laura\Documents\UNIVERSIDAD\4CARRERA\2cuatri\Paradigmas avanzados de programación\Laboratorio\2- SCALA\Prácticas\PL2 - Scala\Ej_6_1_Desarrollo_obligatorio_Listas_JHL\Proyecto Scala\Jewels_Legend_Hero-Trabajo_a_Realizar-Obligatorio\src'. The most common cause for this problem is that the editor was opened in the wrong working directory, for example if you use sbt then the workspace directory should contain build.sbt. [0m
[0m2021.05.15 18:01:51 WARN  no build target for: D:\laura\Documents\UNIVERSIDAD\4CARRERA\2cuatri\Paradigmas avanzados de programación\Laboratorio\2- SCALA\Prácticas\PL2 - Scala\Ej_6_1_Desarrollo_obligatorio_Listas_JHL\Proyecto Scala\Jewels_Legend_Hero-Trabajo_a_Realizar-Obligatorio\src\Main.scala[0m
[0m2021.05.15 18:01:53 INFO  no build target: using presentation compiler with only scala-library: 2.12.13[0m
[0m2021.05.15 18:01:56 INFO  time: code lens generation in 4.33s[0m
may 15, 2021 6:02:07 PM org.eclipse.lsp4j.jsonrpc.RemoteEndpoint handleCancellation
ADVERTENCIA: Unmatched cancel notification for request id 4
[0m2021.05.15 18:02:07 WARN  no build target for: D:\laura\Documents\UNIVERSIDAD\4CARRERA\2cuatri\Paradigmas avanzados de programación\Laboratorio\2- SCALA\Prácticas\PL2 - Scala\Ej_6_1_Desarrollo_obligatorio_Listas_JHL\Proyecto Scala\Jewels_Legend_Hero-Trabajo_a_Realizar-Obligatorio\src\IA.scala[0m
may 15, 2021 6:02:09 PM org.eclipse.lsp4j.jsonrpc.RemoteEndpoint handleCancellation
ADVERTENCIA: Unmatched cancel notification for request id 9
[0m2021.05.15 18:02:09 WARN  no build target for: D:\laura\Documents\UNIVERSIDAD\4CARRERA\2cuatri\Paradigmas avanzados de programación\Laboratorio\2- SCALA\Prácticas\PL2 - Scala\Ej_6_1_Desarrollo_obligatorio_Listas_JHL\Proyecto Scala\Jewels_Legend_Hero-Trabajo_a_Realizar-Obligatorio\src\Funciones_tablero.scala[0m
[0m2021.05.15 18:02:10 INFO  time: code lens generation in 1.01s[0m
[0m2021.05.15 18:02:13 WARN  no build target for: D:\laura\Documents\UNIVERSIDAD\4CARRERA\2cuatri\Paradigmas avanzados de programación\Laboratorio\2- SCALA\Prácticas\PL2 - Scala\Ej_6_1_Desarrollo_obligatorio_Listas_JHL\Proyecto Scala\Jewels_Legend_Hero-Trabajo_a_Realizar-Obligatorio\src\Funciones_lista.scala[0m
[0m2021.05.15 18:02:13 WARN  no build target for: D:\laura\Documents\UNIVERSIDAD\4CARRERA\2cuatri\Paradigmas avanzados de programación\Laboratorio\2- SCALA\Prácticas\PL2 - Scala\Ej_6_1_Desarrollo_obligatorio_Listas_JHL\Proyecto Scala\Jewels_Legend_Hero-Trabajo_a_Realizar-Obligatorio\src\Funciones_tablero.scala[0m
[0m2021.05.15 18:10:29 WARN  no build target for: D:\laura\Documents\UNIVERSIDAD\4CARRERA\2cuatri\Paradigmas avanzados de programación\Laboratorio\2- SCALA\Prácticas\PL2 - Scala\Ej_6_1_Desarrollo_obligatorio_Listas_JHL\Proyecto Scala\Jewels_Legend_Hero-Trabajo_a_Realizar-Obligatorio\src\Main.scala[0m
[0m2021.05.15 18:10:32 WARN  no build target for: D:\laura\Documents\UNIVERSIDAD\4CARRERA\2cuatri\Paradigmas avanzados de programación\Laboratorio\2- SCALA\Prácticas\PL2 - Scala\Ej_6_1_Desarrollo_obligatorio_Listas_JHL\Proyecto Scala\Jewels_Legend_Hero-Trabajo_a_Realizar-Obligatorio\src\Funciones_lista.scala[0m
[0m2021.05.15 18:11:01 WARN  no build target for: D:\laura\Documents\UNIVERSIDAD\4CARRERA\2cuatri\Paradigmas avanzados de programación\Laboratorio\2- SCALA\Prácticas\PL2 - Scala\Ej_6_1_Desarrollo_obligatorio_Listas_JHL\Proyecto Scala\Jewels_Legend_Hero-Trabajo_a_Realizar-Obligatorio\src\Funciones_tablero.scala[0m
[0m2021.05.15 18:11:02 WARN  no build target for: D:\laura\Documents\UNIVERSIDAD\4CARRERA\2cuatri\Paradigmas avanzados de programación\Laboratorio\2- SCALA\Prácticas\PL2 - Scala\Ej_6_1_Desarrollo_obligatorio_Listas_JHL\Proyecto Scala\Jewels_Legend_Hero-Trabajo_a_Realizar-Obligatorio\src\IA.scala[0m
may 15, 2021 6:11:05 PM org.eclipse.lsp4j.jsonrpc.RemoteEndpoint handleCancellation
ADVERTENCIA: Unmatched cancel notification for request id 62
[0m2021.05.15 18:11:05 WARN  no build target for: D:\laura\Documents\UNIVERSIDAD\4CARRERA\2cuatri\Paradigmas avanzados de programación\Laboratorio\2- SCALA\Prácticas\PL2 - Scala\Ej_6_1_Desarrollo_obligatorio_Listas_JHL\Proyecto Scala\Jewels_Legend_Hero-Trabajo_a_Realizar-Obligatorio\src\Main.scala[0m
may 15, 2021 6:11:47 PM org.eclipse.lsp4j.jsonrpc.RemoteEndpoint handleCancellation
ADVERTENCIA: Unmatched cancel notification for request id 69
[0m2021.05.15 18:11:47 WARN  no build target for: D:\laura\Documents\UNIVERSIDAD\4CARRERA\2cuatri\Paradigmas avanzados de programación\Laboratorio\2- SCALA\Prácticas\PL2 - Scala\Ej_6_1_Desarrollo_obligatorio_Listas_JHL\Proyecto Scala\Jewels_Legend_Hero-Trabajo_a_Realizar-Obligatorio\src\Funciones_lista.scala[0m
[0m2021.05.15 18:11:49 WARN  no build target for: D:\laura\Documents\UNIVERSIDAD\4CARRERA\2cuatri\Paradigmas avanzados de programación\Laboratorio\2- SCALA\Prácticas\PL2 - Scala\Ej_6_1_Desarrollo_obligatorio_Listas_JHL\Proyecto Scala\Jewels_Legend_Hero-Trabajo_a_Realizar-Obligatorio\src\Funciones_tablero.scala[0m
[0m2021.05.15 18:11:50 WARN  no build target for: D:\laura\Documents\UNIVERSIDAD\4CARRERA\2cuatri\Paradigmas avanzados de programación\Laboratorio\2- SCALA\Prácticas\PL2 - Scala\Ej_6_1_Desarrollo_obligatorio_Listas_JHL\Proyecto Scala\Jewels_Legend_Hero-Trabajo_a_Realizar-Obligatorio\src\IA.scala[0m
may 15, 2021 6:11:51 PM org.eclipse.lsp4j.jsonrpc.RemoteEndpoint handleCancellation
ADVERTENCIA: Unmatched cancel notification for request id 85
[0m2021.05.15 18:11:51 WARN  no build target for: D:\laura\Documents\UNIVERSIDAD\4CARRERA\2cuatri\Paradigmas avanzados de programación\Laboratorio\2- SCALA\Prácticas\PL2 - Scala\Ej_6_1_Desarrollo_obligatorio_Listas_JHL\Proyecto Scala\Jewels_Legend_Hero-Trabajo_a_Realizar-Obligatorio\src\Main.scala[0m
[0m2021.05.15 18:11:52 WARN  no build target for: D:\laura\Documents\UNIVERSIDAD\4CARRERA\2cuatri\Paradigmas avanzados de programación\Laboratorio\2- SCALA\Prácticas\PL2 - Scala\Ej_6_1_Desarrollo_obligatorio_Listas_JHL\Proyecto Scala\Jewels_Legend_Hero-Trabajo_a_Realizar-Obligatorio\src\IA.scala[0m
may 15, 2021 6:12:04 PM org.eclipse.lsp4j.jsonrpc.RemoteEndpoint handleCancellation
ADVERTENCIA: Unmatched cancel notification for request id 96
[0m2021.05.15 18:12:04 WARN  no build target for: D:\laura\Documents\UNIVERSIDAD\4CARRERA\2cuatri\Paradigmas avanzados de programación\Laboratorio\2- SCALA\Prácticas\PL2 - Scala\Ej_6_1_Desarrollo_obligatorio_Listas_JHL\Proyecto Scala\Jewels_Legend_Hero-Trabajo_a_Realizar-Obligatorio\src\Main.scala[0m
may 15, 2021 6:12:05 PM org.eclipse.lsp4j.jsonrpc.RemoteEndpoint handleCancellation
ADVERTENCIA: Unmatched cancel notification for request id 102
[0m2021.05.15 18:12:04 WARN  no build target for: D:\laura\Documents\UNIVERSIDAD\4CARRERA\2cuatri\Paradigmas avanzados de programación\Laboratorio\2- SCALA\Prácticas\PL2 - Scala\Ej_6_1_Desarrollo_obligatorio_Listas_JHL\Proyecto Scala\Jewels_Legend_Hero-Trabajo_a_Realizar-Obligatorio\src\Funciones_tablero.scala[0m
[0m2021.05.15 18:12:06 WARN  no build target for: D:\laura\Documents\UNIVERSIDAD\4CARRERA\2cuatri\Paradigmas avanzados de programación\Laboratorio\2- SCALA\Prácticas\PL2 - Scala\Ej_6_1_Desarrollo_obligatorio_Listas_JHL\Proyecto Scala\Jewels_Legend_Hero-Trabajo_a_Realizar-Obligatorio\src\Funciones_lista.scala[0m
[0m2021.05.15 18:12:06 WARN  no build target for: D:\laura\Documents\UNIVERSIDAD\4CARRERA\2cuatri\Paradigmas avanzados de programación\Laboratorio\2- SCALA\Prácticas\PL2 - Scala\Ej_6_1_Desarrollo_obligatorio_Listas_JHL\Proyecto Scala\Jewels_Legend_Hero-Trabajo_a_Realizar-Obligatorio\src\Main.scala[0m
[0m2021.05.15 18:13:11 WARN  no build target for: D:\laura\Documents\UNIVERSIDAD\4CARRERA\2cuatri\Paradigmas avanzados de programación\Laboratorio\2- SCALA\Prácticas\PL2 - Scala\Ej_6_1_Desarrollo_obligatorio_Listas_JHL\Proyecto Scala\Jewels_Legend_Hero-Trabajo_a_Realizar-Obligatorio\src\Funciones_lista.scala[0m
[0m2021.05.15 18:14:41 WARN  no build target for: D:\laura\Documents\UNIVERSIDAD\4CARRERA\2cuatri\Paradigmas avanzados de programación\Laboratorio\2- SCALA\Prácticas\PL2 - Scala\Ej_6_1_Desarrollo_obligatorio_Listas_JHL\Proyecto Scala\Jewels_Legend_Hero-Trabajo_a_Realizar-Obligatorio\src\Funciones_tablero.scala[0m
[0m2021.05.15 18:19:39 WARN  no build target for: D:\laura\Documents\UNIVERSIDAD\4CARRERA\2cuatri\Paradigmas avanzados de programación\Laboratorio\2- SCALA\Prácticas\PL2 - Scala\Ej_6_1_Desarrollo_obligatorio_Listas_JHL\Proyecto Scala\Jewels_Legend_Hero-Trabajo_a_Realizar-Obligatorio\src\Main.scala[0m
[0m2021.05.15 18:19:58 WARN  no build target for: D:\laura\Documents\UNIVERSIDAD\4CARRERA\2cuatri\Paradigmas avanzados de programación\Laboratorio\2- SCALA\Prácticas\PL2 - Scala\Ej_6_1_Desarrollo_obligatorio_Listas_JHL\Proyecto Scala\Jewels_Legend_Hero-Trabajo_a_Realizar-Obligatorio\src\Funciones_tablero.scala[0m
[0m2021.05.15 18:24:16 INFO  shutting down Metals[0m
[0m2021.05.15 18:25:29 INFO  Started: Metals version 0.10.2 in workspace 'D:\laura\Documents\UNIVERSIDAD\4CARRERA\2cuatri\Paradigmas avanzados de programación\Laboratorio\2- SCALA\Prácticas\PL2 - Scala\Ej_6_1_Desarrollo_obligatorio_Listas_JHL\Proyecto Scala\Jewels_Legend_Hero-Trabajo_a_Realizar-Obligatorio\src' for client vscode 1.56.2.[0m
[0m2021.05.15 18:25:29 INFO  time: initialize in 0.46s[0m
[0m2021.05.15 18:25:29 WARN  Build server is not auto-connectable.[0m
[0m2021.05.15 18:25:29 WARN  no build tool detected in workspace 'D:\laura\Documents\UNIVERSIDAD\4CARRERA\2cuatri\Paradigmas avanzados de programación\Laboratorio\2- SCALA\Prácticas\PL2 - Scala\Ej_6_1_Desarrollo_obligatorio_Listas_JHL\Proyecto Scala\Jewels_Legend_Hero-Trabajo_a_Realizar-Obligatorio\src'. The most common cause for this problem is that the editor was opened in the wrong working directory, for example if you use sbt then the workspace directory should contain build.sbt. [0m
[0m2021.05.15 18:25:29 WARN  no build target for: D:\laura\Documents\UNIVERSIDAD\4CARRERA\2cuatri\Paradigmas avanzados de programación\Laboratorio\2- SCALA\Prácticas\PL2 - Scala\Ej_6_1_Desarrollo_obligatorio_Listas_JHL\Proyecto Scala\Jewels_Legend_Hero-Trabajo_a_Realizar-Obligatorio\src\Funciones_tablero.scala[0m
[0m2021.05.15 18:25:32 INFO  no build target: using presentation compiler with only scala-library: 2.12.13[0m
[0m2021.05.15 18:25:35 INFO  time: code lens generation in 4.51s[0m
[0m2021.05.15 18:25:35 INFO  shutting down Metals[0m
